0 verbose cli /opt/homebrew/Cellar/node/25.9.0_2/bin/node /opt/homebrew/lib/node_modules/npm/bin/npm-cli.js
1 info using npm@11.12.1
2 info using node@v25.9.0
3 silly config load:file:/opt/homebrew/lib/node_modules/npm/npmrc
4 silly config load:file:/Users/mac/.npmrc
5 silly config load:file:/opt/homebrew/etc/npmrc
6 verbose title npm exec create-next-app@latest . --ts --tailwind --eslint --app --src-dir --import-alias @/* --no-turbopack
7 verbose argv "exec" "--yes" "--" "create-next-app@latest" "." "--ts" "--tailwind" "--eslint" "--app" "--src-dir" "--import-alias" "@/*" "--no-turbopack"
8 verbose logfile logs-max:10 dir:/Users/mac/presspulse/.npm-cache/_logs/2026-04-20T15_02_37_137Z-
9 verbose logfile /Users/mac/presspulse/.npm-cache/_logs/2026-04-20T15_02_37_137Z-debug-0.log
10 silly logfile done cleaning log files
11 silly packumentCache heap:4496293888 maxSize:1124073472 maxEntrySize:562036736
12 http fetch GET 200 https://registry.npmjs.org/npm 450ms
13 http fetch GET 200 https://registry.npmjs.org/create-next-app 578ms (cache miss)
14 silly packumentCache heap:4496293888 maxSize:1124073472 maxEntrySize:562036736
15 silly packumentCache heap:4496293888 maxSize:1124073472 maxEntrySize:562036736
16 silly idealTree buildDeps
17 silly fetch manifest create-next-app@16.2.4
18 silly packumentCache full:https://registry.npmjs.org/create-next-app cache-miss
19 http fetch GET 200 https://registry.npmjs.org/create-next-app 473ms (cache miss)
20 silly packumentCache full:https://registry.npmjs.org/create-next-app set size:undefined disposed:false
21 silly placeDep ROOT create-next-app@16.2.4 OK for:  want: 16.2.4
22 silly reify moves {}
23 silly audit bulk request { 'create-next-app': [ '16.2.4' ] }
24 http cache create-next-app@https://registry.npmjs.org/create-next-app/-/create-next-app-16.2.4.tgz 1ms (cache hit)
25 silly tarball no local data for create-next-app@https://registry.npmjs.org/create-next-app/-/create-next-app-16.2.4.tgz. Extracting by manifest.
26 http fetch GET 200 https://registry.npmjs.org/create-next-app/-/create-next-app-16.2.4.tgz 117ms (cache miss)
27 http fetch POST 200 https://registry.npmjs.org/-/npm/v1/security/advisories/bulk 254ms
28 silly audit report {}
29 verbose cwd /Users/mac/presspulse
30 verbose os Darwin 25.4.0
31 verbose node v25.9.0
32 verbose npm  v11.12.1
33 verbose exit 1
34 verbose code 1
